{
  "RSpec": {
    "coverage": {
      "/home/csvm/cosc480-hw3/app/helpers/application_helper.rb": [
        1,
        null
      ],
      "/home/csvm/cosc480-hw3/app/helpers/products_helper.rb": [
        1,
        null
      ],
      "/home/csvm/cosc480-hw3/app/controllers/products_controller.rb": [
        1,
        1,
        22,
        10,
        10,
        10,
        null,
        null,
        null,
        null,
        null,
        12,
        0,
        0,
        null,
        0,
        null,
        12,
        null,
        null,
        12,
        0,
        0,
        null,
        0,
        null,
        12,
        null,
        null,
        12,
        3,
        3,
        null,
        0,
        null,
        9,
        null,
        null,
        null,
        12,
        null,
        null,
        null,
        1,
        4,
        4,
        null,
        null,
        1,
        null,
        null,
        null,
        1,
        0,
        0,
        null,
        null,
        null,
        1,
        0,
        0,
        0,
        0,
        null,
        0,
        0,
        null,
        null,
        null,
        1,
        0,
        0,
        0,
        0,
        0,
        null,
        0,
        0,
        null,
        null,
        null,
        1,
        0,
        null,
        null,
        null
      ],
      "/home/csvm/cosc480-hw3/app/controllers/application_controller.rb": [
        1,
        null,
        null,
        1,
        null
      ],
      "/home/csvm/cosc480-hw3/app/models/product.rb": [
        1,
        1,
        null,
        1,
        null,
        null,
        null,
        1,
        40,
        20,
        12,
        20,
        12,
        null,
        8,
        null,
        null,
        null,
        1,
        33,
        33,
        33,
        33,
        33,
        null,
        null,
        1,
        13,
        5,
        null,
        null,
        1,
        10,
        10,
        null,
        null,
        10,
        0,
        0,
        0,
        null,
        null
      ]
    },
    "timestamp": 1426025821
  },
  "Cucumber Features": {
    "coverage": {
      "/home/csvm/cosc480-hw3/app/models/product.rb": [
        1,
        1,
        null,
        1,
        null,
        null,
        null,
        1,
        41,
        26,
        14,
        15,
        0,
        null,
        15,
        null,
        null,
        null,
        1,
        0,
        0,
        0,
        0,
        0,
        null,
        null,
        1,
        15,
        4,
        null,
        null,
        1,
        15,
        15,
        null,
        null,
        15,
        5,
        4,
        0,
        null,
        null
      ],
      "/home/csvm/cosc480-hw3/app/controllers/products_controller.rb": [
        1,
        1,
        28,
        15,
        15,
        15,
        null,
        null,
        null,
        null,
        null,
        13,
        3,
        3,
        null,
        2,
        null,
        8,
        null,
        null,
        13,
        3,
        3,
        null,
        2,
        null,
        8,
        null,
        null,
        13,
        3,
        3,
        null,
        1,
        null,
        9,
        null,
        null,
        null,
        13,
        null,
        null,
        null,
        1,
        3,
        3,
        null,
        null,
        1,
        null,
        null,
        null,
        1,
        1,
        1,
        null,
        null,
        null,
        1,
        2,
        2,
        2,
        2,
        null,
        0,
        0,
        null,
        null,
        null,
        1,
        1,
        1,
        1,
        1,
        1,
        null,
        0,
        0,
        null,
        null,
        null,
        1,
        3,
        null,
        null,
        null
      ],
      "/home/csvm/cosc480-hw3/app/controllers/application_controller.rb": [
        1,
        null,
        null,
        1,
        null
      ],
      "/home/csvm/cosc480-hw3/app/helpers/application_helper.rb": [
        1,
        null
      ],
      "/home/csvm/cosc480-hw3/app/helpers/products_helper.rb": [
        1,
        null
      ]
    },
    "timestamp": 1426025169
  }
}
