{
  "RSpec": {
    "coverage": {
      "/home/csvm/cosc480-hw3/app/helpers/application_helper.rb": [
        1,
        null
      ],
      "/home/csvm/cosc480-hw3/app/helpers/products_helper.rb": [
        1,
        null
      ],
      "/home/csvm/cosc480-hw3/app/controllers/products_controller.rb": [
        1,
        1,
        22,
        10,
        10,
        10,
        null,
        12,
        0,
        0,
        null,
        0,
        null,
        12,
        null,
        null,
        12,
        0,
        0,
        null,
        0,
        null,
        12,
        null,
        null,
        12,
        3,
        3,
        null,
        0,
        null,
        9,
        null,
        null,
        12,
        12,
        null,
        null,
        null,
        1,
        4,
        4,
        null,
        null,
        1,
        null,
        null,
        null,
        1,
        0,
        0,
        null,
        null,
        null,
        1,
        1,
        1,
        0,
        0,
        null,
        1,
        1,
        null,
        null,
        null,
        1,
        1,
        null,
        1,
        0,
        0,
        null,
        1,
        1,
        null,
        null,
        null,
        1,
        2,
        null,
        null,
        null
      ],
      "/home/csvm/cosc480-hw3/app/controllers/application_controller.rb": [
        1,
        null,
        null,
        1,
        null
      ],
      "/home/csvm/cosc480-hw3/app/models/product.rb": [
        1,
        1,
        null,
        1,
        null,
        null,
        null,
        1,
        40,
        20,
        12,
        20,
        12,
        null,
        8,
        null,
        null,
        null,
        1,
        33,
        33,
        33,
        33,
        33,
        null,
        null,
        1,
        13,
        12,
        null,
        null,
        1,
        10,
        10,
        null,
        null,
        10,
        0,
        0,
        0,
        null,
        null
      ]
    },
    "timestamp": 1426101230
  },
  "Cucumber Features": {
    "coverage": {
      "/home/csvm/cosc480-hw3/app/models/product.rb": [
        1,
        1,
        null,
        1,
        null,
        null,
        null,
        1,
        45,
        27,
        15,
        18,
        0,
        null,
        18,
        null,
        null,
        null,
        1,
        0,
        0,
        0,
        0,
        0,
        null,
        null,
        1,
        17,
        15,
        null,
        null,
        1,
        17,
        17,
        null,
        null,
        17,
        6,
        5,
        1,
        null,
        null
      ],
      "/home/csvm/cosc480-hw3/app/controllers/products_controller.rb": [
        1,
        1,
        32,
        17,
        17,
        17,
        null,
        15,
        4,
        4,
        null,
        2,
        null,
        9,
        null,
        null,
        15,
        4,
        4,
        null,
        2,
        null,
        9,
        null,
        null,
        15,
        3,
        3,
        null,
        1,
        null,
        11,
        null,
        null,
        15,
        15,
        null,
        null,
        null,
        1,
        3,
        3,
        null,
        null,
        1,
        null,
        null,
        null,
        1,
        1,
        1,
        null,
        null,
        null,
        1,
        2,
        2,
        2,
        2,
        null,
        0,
        0,
        null,
        null,
        null,
        1,
        1,
        null,
        1,
        1,
        1,
        null,
        0,
        0,
        null,
        null,
        null,
        1,
        3,
        null,
        null,
        null
      ],
      "/home/csvm/cosc480-hw3/app/controllers/application_controller.rb": [
        1,
        null,
        null,
        1,
        null
      ],
      "/home/csvm/cosc480-hw3/app/helpers/application_helper.rb": [
        1,
        null
      ],
      "/home/csvm/cosc480-hw3/app/helpers/products_helper.rb": [
        1,
        null
      ]
    },
    "timestamp": 1426101239
  }
}
